<?xml version="1.0" encoding="UTF-8"?>
<testsuite xmlns:xsi="http://www.w3.org/2001/XMLSchema-instance" xsi:noNamespaceSchemaLocation="https://maven.apache.org/surefire/maven-surefire-plugin/xsd/surefire-test-report-3.0.xsd" version="3.0" name="com.tunegocio.turnosapi.service.TurnoServiceTest" time="0.135" tests="5" errors="0" skipped="0" failures="0">
  <properties>
[...]
</properties>
  <testcase name="reprogramar_debeActualizarFechasYResetearRecordatorio" classname="com.tunegocio.turnosapi.service.TurnoServiceTest" time="0.101"/>
  <testcase name="crear_debeRechazarFechaPasada" classname="com.tunegocio.turnosapi.service.TurnoServiceTest" time="0.006"/>
  <testcase name="crear_debeRechazarSolapamiento" classname="com.tunegocio.turnosapi.service.TurnoServiceTest" time="0.006"/>
  <testcase name="crear_debeCalcularDuracionYPrecioTotalParaMultiplesServicios" classname="com.tunegocio.turnosapi.service.TurnoServiceTest" time="0.01"/>
  <testcase name="crearRecurrente_debeCrearSerieCompletaYVincularPadre" classname="com.tunegocio.turnosapi.service.TurnoServiceTest" time="0.007"/>
</testsuite>